C:\USERS\JOSEF\DOCUMENTS\VISUAL STUDIO 2010\PROJECTS\GG\TEMPLETS\DEBUG\TEMPLETS.EXE
C:\USERS\JOSEF\DOCUMENTS\VISUAL STUDIO 2010\PROJECTS\GG\TEMPLETS\DEBUG\TEMPLETS.ILK
C:\USERS\JOSEF\DOCUMENTS\VISUAL STUDIO 2010\PROJECTS\GG\TEMPLETS\DEBUG\TEMPLETS.PDB
C:\Users\josef\Documents\Visual Studio 2010\Projects\gg\templets\templets\Debug\cl.command.1.tlog
C:\Users\josef\Documents\Visual Studio 2010\Projects\gg\templets\templets\Debug\CL.read.1.tlog
C:\Users\josef\Documents\Visual Studio 2010\Projects\gg\templets\templets\Debug\CL.write.1.tlog
C:\Users\josef\Documents\Visual Studio 2010\Projects\gg\templets\templets\Debug\link.command.1.tlog
C:\Users\josef\Documents\Visual Studio 2010\Projects\gg\templets\templets\Debug\link.read.1.tlog
C:\Users\josef\Documents\Visual Studio 2010\Projects\gg\templets\templets\Debug\link.write.1.tlog
C:\USERS\JOSEF\DOCUMENTS\VISUAL STUDIO 2010\PROJECTS\GG\TEMPLETS\TEMPLETS\DEBUG\MAIN.OBJ
C:\Users\josef\Documents\Visual Studio 2010\Projects\gg\templets\templets\Debug\mt.command.1.tlog
C:\Users\josef\Documents\Visual Studio 2010\Projects\gg\templets\templets\Debug\mt.read.1.tlog
C:\Users\josef\Documents\Visual Studio 2010\Projects\gg\templets\templets\Debug\mt.write.1.tlog
C:\USERS\JOSEF\DOCUMENTS\VISUAL STUDIO 2010\PROJECTS\GG\TEMPLETS\TEMPLETS\DEBUG\STA4-USE.OBJ
C:\USERS\JOSEF\DOCUMENTS\VISUAL STUDIO 2010\PROJECTS\GG\TEMPLETS\TEMPLETS\DEBUG\STACK4.OBJ
C:\USERS\JOSEF\DOCUMENTS\VISUAL STUDIO 2010\PROJECTS\GG\TEMPLETS\TEMPLETS\DEBUG\TAMPL.OBJ
C:\USERS\JOSEF\DOCUMENTS\VISUAL STUDIO 2010\PROJECTS\GG\TEMPLETS\TEMPLETS\DEBUG\TEMPLETS.EXE.INTERMEDIATE.MANIFEST
C:\Users\josef\Documents\Visual Studio 2010\Projects\gg\templets\templets\Debug\templets.vcxprojResolveAssemblyReference.cache
C:\Users\josef\Documents\Visual Studio 2010\Projects\gg\templets\templets\Debug\templets.write.1.tlog
C:\USERS\JOSEF\DOCUMENTS\VISUAL STUDIO 2010\PROJECTS\GG\TEMPLETS\TEMPLETS\DEBUG\TRYH.OBJ
C:\Users\josef\Documents\Visual Studio 2010\Projects\gg\templets\templets\Debug\vc100.idb
C:\USERS\JOSEF\DOCUMENTS\VISUAL STUDIO 2010\PROJECTS\GG\TEMPLETS\TEMPLETS\DEBUG\VC100.PDB
